<?xml version="1.0" encoding="UTF-8"?>
<!-- Generated by org.testng.reporters.JUnitReportReporter -->
<testsuite skipped="0" hostname="Lenovo-PC" name="Data.Project.Sample" tests="1" failures="0" timestamp="08 May 2019 07:26:51 GMT" time="54.878" errors="0">
  <testcase name="SetUp" time="54.878" classname="Data.Project.Sample"/>
</testsuite> <!-- Data.Project.Sample -->
